2025-03-14 10:53:11 [INFO] Colonne 'id' dans la table 'article' nécessite une mise à jour. Modification en cours...
2025-03-14 10:53:11 [INFO] Colonne 'id' modifiée dans la table 'article'.
2025-03-14 10:53:11 [INFO] Colonne 'id_user' dans la table 'article' nécessite une mise à jour. Modification en cours...
2025-03-14 10:53:11 [INFO] Colonne 'id_user' modifiée dans la table 'article'.
2025-03-14 10:53:11 [INFO] Colonne 'views_count' dans la table 'article' nécessite une mise à jour. Modification en cours...
2025-03-14 10:53:11 [INFO] Colonne 'views_count' modifiée dans la table 'article'.
2025-03-14 10:53:11 [INFO] Colonne 'id' dans la table 'comment' nécessite une mise à jour. Modification en cours...
2025-03-14 10:53:11 [INFO] Colonne 'id' modifiée dans la table 'comment'.
2025-03-14 10:53:11 [INFO] Colonne 'id_article' dans la table 'comment' nécessite une mise à jour. Modification en cours...
2025-03-14 10:53:11 [INFO] Colonne 'id_article' modifiée dans la table 'comment'.
2025-03-14 10:53:11 [INFO] Colonne 'id' dans la table 'user' nécessite une mise à jour. Modification en cours...
2025-03-14 10:53:11 [INFO] Colonne 'id' modifiée dans la table 'user'.
2025-03-14 10:53:11 [INFO] Colonne 'id' dans la table 'article' nécessite une mise à jour. Modification en cours...
2025-03-14 10:53:11 [INFO] Colonne 'id' modifiée dans la table 'article'.
2025-03-14 10:53:11 [INFO] Colonne 'id_user' dans la table 'article' nécessite une mise à jour. Modification en cours...
2025-03-14 10:53:11 [INFO] Colonne 'id_user' modifiée dans la table 'article'.
2025-03-14 10:53:11 [INFO] Colonne 'views_count' dans la table 'article' nécessite une mise à jour. Modification en cours...
2025-03-14 10:53:11 [INFO] Colonne 'views_count' modifiée dans la table 'article'.
2025-03-14 10:53:11 [INFO] Colonne 'id' dans la table 'comment' nécessite une mise à jour. Modification en cours...
2025-03-14 10:53:11 [INFO] Colonne 'id' modifiée dans la table 'comment'.
2025-03-14 10:53:11 [INFO] Colonne 'id_article' dans la table 'comment' nécessite une mise à jour. Modification en cours...
2025-03-14 10:53:11 [INFO] Colonne 'id_article' modifiée dans la table 'comment'.
2025-03-14 10:53:11 [INFO] Colonne 'id' dans la table 'user' nécessite une mise à jour. Modification en cours...
2025-03-14 10:53:11 [INFO] Colonne 'id' modifiée dans la table 'user'.
2025-03-14 10:53:13 [INFO] Colonne 'id' dans la table 'article' nécessite une mise à jour. Modification en cours...
2025-03-14 10:53:13 [INFO] Colonne 'id' modifiée dans la table 'article'.
2025-03-14 10:53:13 [INFO] Colonne 'id_user' dans la table 'article' nécessite une mise à jour. Modification en cours...
2025-03-14 10:53:13 [INFO] Colonne 'id_user' modifiée dans la table 'article'.
2025-03-14 10:53:13 [INFO] Colonne 'views_count' dans la table 'article' nécessite une mise à jour. Modification en cours...
2025-03-14 10:53:13 [INFO] Colonne 'views_count' modifiée dans la table 'article'.
2025-03-14 10:53:13 [INFO] Colonne 'id' dans la table 'comment' nécessite une mise à jour. Modification en cours...
2025-03-14 10:53:13 [INFO] Colonne 'id' modifiée dans la table 'comment'.
2025-03-14 10:53:13 [INFO] Colonne 'id_article' dans la table 'comment' nécessite une mise à jour. Modification en cours...
2025-03-14 10:53:13 [INFO] Colonne 'id_article' modifiée dans la table 'comment'.
2025-03-14 10:53:13 [INFO] Colonne 'id' dans la table 'user' nécessite une mise à jour. Modification en cours...
2025-03-14 10:53:13 [INFO] Colonne 'id' modifiée dans la table 'user'.
2025-03-14 10:53:20 [INFO] Colonne 'id' dans la table 'article' nécessite une mise à jour. Modification en cours...
2025-03-14 10:53:20 [INFO] Colonne 'id' modifiée dans la table 'article'.
2025-03-14 10:53:20 [INFO] Colonne 'id_user' dans la table 'article' nécessite une mise à jour. Modification en cours...
2025-03-14 10:53:20 [INFO] Colonne 'id_user' modifiée dans la table 'article'.
2025-03-14 10:53:20 [INFO] Colonne 'views_count' dans la table 'article' nécessite une mise à jour. Modification en cours...
2025-03-14 10:53:20 [INFO] Colonne 'views_count' modifiée dans la table 'article'.
2025-03-14 10:53:20 [INFO] Colonne 'id' dans la table 'comment' nécessite une mise à jour. Modification en cours...
2025-03-14 10:53:20 [INFO] Colonne 'id' modifiée dans la table 'comment'.
2025-03-14 10:53:20 [INFO] Colonne 'id_article' dans la table 'comment' nécessite une mise à jour. Modification en cours...
2025-03-14 10:53:20 [INFO] Colonne 'id_article' modifiée dans la table 'comment'.
2025-03-14 10:53:20 [INFO] Colonne 'id' dans la table 'user' nécessite une mise à jour. Modification en cours...
2025-03-14 10:53:20 [INFO] Colonne 'id' modifiée dans la table 'user'.
2025-03-14 10:53:21 [INFO] Colonne 'id' dans la table 'article' nécessite une mise à jour. Modification en cours...
2025-03-14 10:53:21 [INFO] Colonne 'id' modifiée dans la table 'article'.
2025-03-14 10:53:21 [INFO] Colonne 'id_user' dans la table 'article' nécessite une mise à jour. Modification en cours...
2025-03-14 10:53:21 [INFO] Colonne 'id_user' modifiée dans la table 'article'.
2025-03-14 10:53:21 [INFO] Colonne 'views_count' dans la table 'article' nécessite une mise à jour. Modification en cours...
2025-03-14 10:53:21 [INFO] Colonne 'views_count' modifiée dans la table 'article'.
2025-03-14 10:53:21 [INFO] Colonne 'id' dans la table 'comment' nécessite une mise à jour. Modification en cours...
2025-03-14 10:53:21 [INFO] Colonne 'id' modifiée dans la table 'comment'.
2025-03-14 10:53:21 [INFO] Colonne 'id_article' dans la table 'comment' nécessite une mise à jour. Modification en cours...
2025-03-14 10:53:21 [INFO] Colonne 'id_article' modifiée dans la table 'comment'.
2025-03-14 10:53:21 [INFO] Colonne 'id' dans la table 'user' nécessite une mise à jour. Modification en cours...
2025-03-14 10:53:21 [INFO] Colonne 'id' modifiée dans la table 'user'.
2025-03-14 10:53:22 [INFO] Colonne 'id' dans la table 'article' nécessite une mise à jour. Modification en cours...
2025-03-14 10:53:22 [INFO] Colonne 'id' modifiée dans la table 'article'.
2025-03-14 10:53:22 [INFO] Colonne 'id_user' dans la table 'article' nécessite une mise à jour. Modification en cours...
2025-03-14 10:53:22 [INFO] Colonne 'id_user' modifiée dans la table 'article'.
2025-03-14 10:53:22 [INFO] Colonne 'views_count' dans la table 'article' nécessite une mise à jour. Modification en cours...
2025-03-14 10:53:22 [INFO] Colonne 'views_count' modifiée dans la table 'article'.
2025-03-14 10:53:22 [INFO] Colonne 'id' dans la table 'comment' nécessite une mise à jour. Modification en cours...
2025-03-14 10:53:22 [INFO] Colonne 'id' modifiée dans la table 'comment'.
2025-03-14 10:53:22 [INFO] Colonne 'id_article' dans la table 'comment' nécessite une mise à jour. Modification en cours...
2025-03-14 10:53:22 [INFO] Colonne 'id_article' modifiée dans la table 'comment'.
2025-03-14 10:53:22 [INFO] Colonne 'id' dans la table 'user' nécessite une mise à jour. Modification en cours...
2025-03-14 10:53:22 [INFO] Colonne 'id' modifiée dans la table 'user'.
2025-03-14 10:53:23 [INFO] Colonne 'id' dans la table 'article' nécessite une mise à jour. Modification en cours...
2025-03-14 10:53:23 [INFO] Colonne 'id' modifiée dans la table 'article'.
2025-03-14 10:53:23 [INFO] Colonne 'id_user' dans la table 'article' nécessite une mise à jour. Modification en cours...
2025-03-14 10:53:23 [INFO] Colonne 'id_user' modifiée dans la table 'article'.
2025-03-14 10:53:23 [INFO] Colonne 'views_count' dans la table 'article' nécessite une mise à jour. Modification en cours...
2025-03-14 10:53:23 [INFO] Colonne 'views_count' modifiée dans la table 'article'.
2025-03-14 10:53:23 [INFO] Colonne 'id' dans la table 'comment' nécessite une mise à jour. Modification en cours...
2025-03-14 10:53:23 [INFO] Colonne 'id' modifiée dans la table 'comment'.
2025-03-14 10:53:23 [INFO] Colonne 'id_article' dans la table 'comment' nécessite une mise à jour. Modification en cours...
2025-03-14 10:53:23 [INFO] Colonne 'id_article' modifiée dans la table 'comment'.
2025-03-14 10:53:23 [INFO] Colonne 'id' dans la table 'user' nécessite une mise à jour. Modification en cours...
2025-03-14 10:53:23 [INFO] Colonne 'id' modifiée dans la table 'user'.
2025-03-14 10:53:27 [INFO] Colonne 'id' dans la table 'article' nécessite une mise à jour. Modification en cours...
2025-03-14 10:53:27 [INFO] Colonne 'id' modifiée dans la table 'article'.
2025-03-14 10:53:27 [INFO] Colonne 'id_user' dans la table 'article' nécessite une mise à jour. Modification en cours...
2025-03-14 10:53:27 [INFO] Colonne 'id_user' modifiée dans la table 'article'.
2025-03-14 10:53:27 [INFO] Colonne 'views_count' dans la table 'article' nécessite une mise à jour. Modification en cours...
2025-03-14 10:53:27 [INFO] Colonne 'views_count' modifiée dans la table 'article'.
2025-03-14 10:53:27 [INFO] Colonne 'id' dans la table 'comment' nécessite une mise à jour. Modification en cours...
2025-03-14 10:53:27 [INFO] Colonne 'id' modifiée dans la table 'comment'.
2025-03-14 10:53:27 [INFO] Colonne 'id_article' dans la table 'comment' nécessite une mise à jour. Modification en cours...
2025-03-14 10:53:27 [INFO] Colonne 'id_article' modifiée dans la table 'comment'.
2025-03-14 10:53:27 [INFO] Colonne 'id' dans la table 'user' nécessite une mise à jour. Modification en cours...
2025-03-14 10:53:27 [INFO] Colonne 'id' modifiée dans la table 'user'.
2025-03-14 10:53:29 [INFO] Colonne 'id' dans la table 'article' nécessite une mise à jour. Modification en cours...
2025-03-14 10:53:29 [INFO] Colonne 'id' modifiée dans la table 'article'.
2025-03-14 10:53:29 [INFO] Colonne 'id_user' dans la table 'article' nécessite une mise à jour. Modification en cours...
2025-03-14 10:53:29 [INFO] Colonne 'id_user' modifiée dans la table 'article'.
2025-03-14 10:53:29 [INFO] Colonne 'views_count' dans la table 'article' nécessite une mise à jour. Modification en cours...
2025-03-14 10:53:29 [INFO] Colonne 'views_count' modifiée dans la table 'article'.
2025-03-14 10:53:29 [INFO] Colonne 'id' dans la table 'comment' nécessite une mise à jour. Modification en cours...
2025-03-14 10:53:29 [INFO] Colonne 'id' modifiée dans la table 'comment'.
2025-03-14 10:53:29 [INFO] Colonne 'id_article' dans la table 'comment' nécessite une mise à jour. Modification en cours...
2025-03-14 10:53:29 [INFO] Colonne 'id_article' modifiée dans la table 'comment'.
2025-03-14 10:53:29 [INFO] Colonne 'id' dans la table 'user' nécessite une mise à jour. Modification en cours...
2025-03-14 10:53:29 [INFO] Colonne 'id' modifiée dans la table 'user'.
2025-03-14 10:53:29 [INFO] Colonne 'id' dans la table 'article' nécessite une mise à jour. Modification en cours...
2025-03-14 10:53:29 [INFO] Colonne 'id' modifiée dans la table 'article'.
2025-03-14 10:53:29 [INFO] Colonne 'id_user' dans la table 'article' nécessite une mise à jour. Modification en cours...
2025-03-14 10:53:29 [INFO] Colonne 'id_user' modifiée dans la table 'article'.
2025-03-14 10:53:29 [INFO] Colonne 'views_count' dans la table 'article' nécessite une mise à jour. Modification en cours...
2025-03-14 10:53:29 [INFO] Colonne 'views_count' modifiée dans la table 'article'.
2025-03-14 10:53:29 [INFO] Colonne 'id' dans la table 'comment' nécessite une mise à jour. Modification en cours...
2025-03-14 10:53:29 [INFO] Colonne 'id' modifiée dans la table 'comment'.
2025-03-14 10:53:29 [INFO] Colonne 'id_article' dans la table 'comment' nécessite une mise à jour. Modification en cours...
2025-03-14 10:53:29 [INFO] Colonne 'id_article' modifiée dans la table 'comment'.
2025-03-14 10:53:29 [INFO] Colonne 'id' dans la table 'user' nécessite une mise à jour. Modification en cours...
2025-03-14 10:53:29 [INFO] Colonne 'id' modifiée dans la table 'user'.
2025-03-14 10:53:31 [INFO] Colonne 'id' dans la table 'article' nécessite une mise à jour. Modification en cours...
2025-03-14 10:53:31 [INFO] Colonne 'id' modifiée dans la table 'article'.
2025-03-14 10:53:31 [INFO] Colonne 'id_user' dans la table 'article' nécessite une mise à jour. Modification en cours...
2025-03-14 10:53:31 [INFO] Colonne 'id_user' modifiée dans la table 'article'.
2025-03-14 10:53:31 [INFO] Colonne 'views_count' dans la table 'article' nécessite une mise à jour. Modification en cours...
2025-03-14 10:53:31 [INFO] Colonne 'views_count' modifiée dans la table 'article'.
2025-03-14 10:53:31 [INFO] Colonne 'id' dans la table 'comment' nécessite une mise à jour. Modification en cours...
2025-03-14 10:53:31 [INFO] Colonne 'id' modifiée dans la table 'comment'.
2025-03-14 10:53:31 [INFO] Colonne 'id_article' dans la table 'comment' nécessite une mise à jour. Modification en cours...
2025-03-14 10:53:31 [INFO] Colonne 'id_article' modifiée dans la table 'comment'.
2025-03-14 10:53:31 [INFO] Colonne 'id' dans la table 'user' nécessite une mise à jour. Modification en cours...
2025-03-14 10:53:31 [INFO] Colonne 'id' modifiée dans la table 'user'.
2025-03-14 10:53:31 [INFO] Colonne 'id' dans la table 'article' nécessite une mise à jour. Modification en cours...
2025-03-14 10:53:31 [INFO] Colonne 'id' modifiée dans la table 'article'.
2025-03-14 10:53:31 [INFO] Colonne 'id_user' dans la table 'article' nécessite une mise à jour. Modification en cours...
2025-03-14 10:53:31 [INFO] Colonne 'id_user' modifiée dans la table 'article'.
2025-03-14 10:53:31 [INFO] Colonne 'views_count' dans la table 'article' nécessite une mise à jour. Modification en cours...
2025-03-14 10:53:31 [INFO] Colonne 'views_count' modifiée dans la table 'article'.
2025-03-14 10:53:31 [INFO] Colonne 'id' dans la table 'comment' nécessite une mise à jour. Modification en cours...
2025-03-14 10:53:31 [INFO] Colonne 'id' modifiée dans la table 'comment'.
2025-03-14 10:53:31 [INFO] Colonne 'id_article' dans la table 'comment' nécessite une mise à jour. Modification en cours...
2025-03-14 10:53:31 [INFO] Colonne 'id_article' modifiée dans la table 'comment'.
2025-03-14 10:53:31 [INFO] Colonne 'id' dans la table 'user' nécessite une mise à jour. Modification en cours...
2025-03-14 10:53:31 [INFO] Colonne 'id' modifiée dans la table 'user'.
2025-03-14 10:53:35 [INFO] Colonne 'id' dans la table 'article' nécessite une mise à jour. Modification en cours...
2025-03-14 10:53:35 [INFO] Colonne 'id' modifiée dans la table 'article'.
2025-03-14 10:53:35 [INFO] Colonne 'id_user' dans la table 'article' nécessite une mise à jour. Modification en cours...
2025-03-14 10:53:35 [INFO] Colonne 'id_user' modifiée dans la table 'article'.
2025-03-14 10:53:35 [INFO] Colonne 'views_count' dans la table 'article' nécessite une mise à jour. Modification en cours...
2025-03-14 10:53:35 [INFO] Colonne 'views_count' modifiée dans la table 'article'.
2025-03-14 10:53:35 [INFO] Colonne 'id' dans la table 'comment' nécessite une mise à jour. Modification en cours...
2025-03-14 10:53:35 [INFO] Colonne 'id' modifiée dans la table 'comment'.
2025-03-14 10:53:35 [INFO] Colonne 'id_article' dans la table 'comment' nécessite une mise à jour. Modification en cours...
2025-03-14 10:53:35 [INFO] Colonne 'id_article' modifiée dans la table 'comment'.
2025-03-14 10:53:35 [INFO] Colonne 'id' dans la table 'user' nécessite une mise à jour. Modification en cours...
2025-03-14 10:53:35 [INFO] Colonne 'id' modifiée dans la table 'user'.
2025-03-14 10:53:35 [INFO] Colonne 'id' dans la table 'article' nécessite une mise à jour. Modification en cours...
2025-03-14 10:53:35 [INFO] Colonne 'id' modifiée dans la table 'article'.
2025-03-14 10:53:35 [INFO] Colonne 'id_user' dans la table 'article' nécessite une mise à jour. Modification en cours...
2025-03-14 10:53:35 [INFO] Colonne 'id_user' modifiée dans la table 'article'.
2025-03-14 10:53:35 [INFO] Colonne 'views_count' dans la table 'article' nécessite une mise à jour. Modification en cours...
2025-03-14 10:53:35 [INFO] Colonne 'views_count' modifiée dans la table 'article'.
2025-03-14 10:53:35 [INFO] Colonne 'id' dans la table 'comment' nécessite une mise à jour. Modification en cours...
2025-03-14 10:53:35 [INFO] Colonne 'id' modifiée dans la table 'comment'.
2025-03-14 10:53:35 [INFO] Colonne 'id_article' dans la table 'comment' nécessite une mise à jour. Modification en cours...
2025-03-14 10:53:35 [INFO] Colonne 'id_article' modifiée dans la table 'comment'.
2025-03-14 10:53:35 [INFO] Colonne 'id' dans la table 'user' nécessite une mise à jour. Modification en cours...
2025-03-14 10:53:35 [INFO] Colonne 'id' modifiée dans la table 'user'.
2025-03-14 10:55:23 [INFO] Colonne 'id' dans la table 'article' nécessite une mise à jour. Modification en cours...
2025-03-14 10:55:23 [INFO] Colonne 'id' modifiée dans la table 'article'.
2025-03-14 10:55:23 [INFO] Colonne 'id_user' dans la table 'article' nécessite une mise à jour. Modification en cours...
2025-03-14 10:55:23 [INFO] Colonne 'id_user' modifiée dans la table 'article'.
2025-03-14 10:55:23 [INFO] Colonne 'views_count' dans la table 'article' nécessite une mise à jour. Modification en cours...
2025-03-14 10:55:23 [INFO] Colonne 'views_count' modifiée dans la table 'article'.
2025-03-14 10:55:23 [INFO] Colonne 'id' dans la table 'comment' nécessite une mise à jour. Modification en cours...
2025-03-14 10:55:23 [INFO] Colonne 'id' modifiée dans la table 'comment'.
2025-03-14 10:55:23 [INFO] Colonne 'id_article' dans la table 'comment' nécessite une mise à jour. Modification en cours...
2025-03-14 10:55:23 [INFO] Colonne 'id_article' modifiée dans la table 'comment'.
2025-03-14 10:55:23 [INFO] Colonne 'id' dans la table 'user' nécessite une mise à jour. Modification en cours...
2025-03-14 10:55:23 [INFO] Colonne 'id' modifiée dans la table 'user'.
2025-03-14 10:55:23 [INFO] Colonne 'id' dans la table 'article' nécessite une mise à jour. Modification en cours...
2025-03-14 10:55:23 [INFO] Colonne 'id' modifiée dans la table 'article'.
2025-03-14 10:55:23 [INFO] Colonne 'id_user' dans la table 'article' nécessite une mise à jour. Modification en cours...
2025-03-14 10:55:23 [INFO] Colonne 'id_user' modifiée dans la table 'article'.
2025-03-14 10:55:23 [INFO] Colonne 'views_count' dans la table 'article' nécessite une mise à jour. Modification en cours...
2025-03-14 10:55:23 [INFO] Colonne 'views_count' modifiée dans la table 'article'.
2025-03-14 10:55:23 [INFO] Colonne 'id' dans la table 'comment' nécessite une mise à jour. Modification en cours...
2025-03-14 10:55:23 [INFO] Colonne 'id' modifiée dans la table 'comment'.
2025-03-14 10:55:23 [INFO] Colonne 'id_article' dans la table 'comment' nécessite une mise à jour. Modification en cours...
2025-03-14 10:55:23 [INFO] Colonne 'id_article' modifiée dans la table 'comment'.
2025-03-14 10:55:23 [INFO] Colonne 'id' dans la table 'user' nécessite une mise à jour. Modification en cours...
2025-03-14 10:55:23 [INFO] Colonne 'id' modifiée dans la table 'user'.
2025-03-14 10:55:27 [INFO] Colonne 'id' dans la table 'article' nécessite une mise à jour. Modification en cours...
2025-03-14 10:55:27 [INFO] Colonne 'id' modifiée dans la table 'article'.
2025-03-14 10:55:27 [INFO] Colonne 'id_user' dans la table 'article' nécessite une mise à jour. Modification en cours...
2025-03-14 10:55:27 [INFO] Colonne 'id_user' modifiée dans la table 'article'.
2025-03-14 10:55:27 [INFO] Colonne 'views_count' dans la table 'article' nécessite une mise à jour. Modification en cours...
2025-03-14 10:55:27 [INFO] Colonne 'views_count' modifiée dans la table 'article'.
2025-03-14 10:55:27 [INFO] Colonne 'id' dans la table 'comment' nécessite une mise à jour. Modification en cours...
2025-03-14 10:55:27 [INFO] Colonne 'id' modifiée dans la table 'comment'.
2025-03-14 10:55:27 [INFO] Colonne 'id_article' dans la table 'comment' nécessite une mise à jour. Modification en cours...
2025-03-14 10:55:27 [INFO] Colonne 'id_article' modifiée dans la table 'comment'.
2025-03-14 10:55:27 [INFO] Colonne 'id' dans la table 'user' nécessite une mise à jour. Modification en cours...
2025-03-14 10:55:27 [INFO] Colonne 'id' modifiée dans la table 'user'.
2025-03-14 10:55:28 [INFO] Colonne 'id' dans la table 'article' nécessite une mise à jour. Modification en cours...
2025-03-14 10:55:28 [INFO] Colonne 'id' modifiée dans la table 'article'.
2025-03-14 10:55:28 [INFO] Colonne 'id_user' dans la table 'article' nécessite une mise à jour. Modification en cours...
2025-03-14 10:55:28 [INFO] Colonne 'id_user' modifiée dans la table 'article'.
2025-03-14 10:55:28 [INFO] Colonne 'views_count' dans la table 'article' nécessite une mise à jour. Modification en cours...
2025-03-14 10:55:28 [INFO] Colonne 'views_count' modifiée dans la table 'article'.
2025-03-14 10:55:28 [INFO] Colonne 'id' dans la table 'comment' nécessite une mise à jour. Modification en cours...
2025-03-14 10:55:28 [INFO] Colonne 'id' modifiée dans la table 'comment'.
2025-03-14 10:55:28 [INFO] Colonne 'id_article' dans la table 'comment' nécessite une mise à jour. Modification en cours...
2025-03-14 10:55:28 [INFO] Colonne 'id_article' modifiée dans la table 'comment'.
2025-03-14 10:55:28 [INFO] Colonne 'id' dans la table 'user' nécessite une mise à jour. Modification en cours...
2025-03-14 10:55:28 [INFO] Colonne 'id' modifiée dans la table 'user'.
2025-03-14 10:55:30 [INFO] Colonne 'id' dans la table 'article' nécessite une mise à jour. Modification en cours...
2025-03-14 10:55:30 [INFO] Colonne 'id' modifiée dans la table 'article'.
2025-03-14 10:55:30 [INFO] Colonne 'id_user' dans la table 'article' nécessite une mise à jour. Modification en cours...
2025-03-14 10:55:30 [INFO] Colonne 'id_user' modifiée dans la table 'article'.
2025-03-14 10:55:30 [INFO] Colonne 'views_count' dans la table 'article' nécessite une mise à jour. Modification en cours...
2025-03-14 10:55:30 [INFO] Colonne 'views_count' modifiée dans la table 'article'.
2025-03-14 10:55:30 [INFO] Colonne 'id' dans la table 'comment' nécessite une mise à jour. Modification en cours...
2025-03-14 10:55:30 [INFO] Colonne 'id' modifiée dans la table 'comment'.
2025-03-14 10:55:30 [INFO] Colonne 'id_article' dans la table 'comment' nécessite une mise à jour. Modification en cours...
2025-03-14 10:55:30 [INFO] Colonne 'id_article' modifiée dans la table 'comment'.
2025-03-14 10:55:30 [INFO] Colonne 'id' dans la table 'user' nécessite une mise à jour. Modification en cours...
2025-03-14 10:55:30 [INFO] Colonne 'id' modifiée dans la table 'user'.
2025-03-14 10:55:32 [INFO] Colonne 'id' dans la table 'article' nécessite une mise à jour. Modification en cours...
2025-03-14 10:55:32 [INFO] Colonne 'id' modifiée dans la table 'article'.
2025-03-14 10:55:32 [INFO] Colonne 'id_user' dans la table 'article' nécessite une mise à jour. Modification en cours...
2025-03-14 10:55:32 [INFO] Colonne 'id_user' modifiée dans la table 'article'.
2025-03-14 10:55:32 [INFO] Colonne 'views_count' dans la table 'article' nécessite une mise à jour. Modification en cours...
2025-03-14 10:55:32 [INFO] Colonne 'views_count' modifiée dans la table 'article'.
2025-03-14 10:55:32 [INFO] Colonne 'id' dans la table 'comment' nécessite une mise à jour. Modification en cours...
2025-03-14 10:55:32 [INFO] Colonne 'id' modifiée dans la table 'comment'.
2025-03-14 10:55:32 [INFO] Colonne 'id_article' dans la table 'comment' nécessite une mise à jour. Modification en cours...
2025-03-14 10:55:32 [INFO] Colonne 'id_article' modifiée dans la table 'comment'.
2025-03-14 10:55:32 [INFO] Colonne 'id' dans la table 'user' nécessite une mise à jour. Modification en cours...
2025-03-14 10:55:32 [INFO] Colonne 'id' modifiée dans la table 'user'.
2025-03-14 10:55:33 [INFO] Colonne 'id' dans la table 'article' nécessite une mise à jour. Modification en cours...
2025-03-14 10:55:33 [INFO] Colonne 'id' modifiée dans la table 'article'.
2025-03-14 10:55:33 [INFO] Colonne 'id_user' dans la table 'article' nécessite une mise à jour. Modification en cours...
2025-03-14 10:55:33 [INFO] Colonne 'id_user' modifiée dans la table 'article'.
2025-03-14 10:55:33 [INFO] Colonne 'views_count' dans la table 'article' nécessite une mise à jour. Modification en cours...
2025-03-14 10:55:33 [INFO] Colonne 'views_count' modifiée dans la table 'article'.
2025-03-14 10:55:33 [INFO] Colonne 'id' dans la table 'comment' nécessite une mise à jour. Modification en cours...
2025-03-14 10:55:33 [INFO] Colonne 'id' modifiée dans la table 'comment'.
2025-03-14 10:55:33 [INFO] Colonne 'id_article' dans la table 'comment' nécessite une mise à jour. Modification en cours...
2025-03-14 10:55:33 [INFO] Colonne 'id_article' modifiée dans la table 'comment'.
2025-03-14 10:55:33 [INFO] Colonne 'id' dans la table 'user' nécessite une mise à jour. Modification en cours...
2025-03-14 10:55:33 [INFO] Colonne 'id' modifiée dans la table 'user'.
2025-03-14 10:55:34 [INFO] Colonne 'id' dans la table 'article' nécessite une mise à jour. Modification en cours...
2025-03-14 10:55:34 [INFO] Colonne 'id' modifiée dans la table 'article'.
2025-03-14 10:55:34 [INFO] Colonne 'id_user' dans la table 'article' nécessite une mise à jour. Modification en cours...
2025-03-14 10:55:34 [INFO] Colonne 'id_user' modifiée dans la table 'article'.
2025-03-14 10:55:34 [INFO] Colonne 'views_count' dans la table 'article' nécessite une mise à jour. Modification en cours...
2025-03-14 10:55:34 [INFO] Colonne 'views_count' modifiée dans la table 'article'.
2025-03-14 10:55:34 [INFO] Colonne 'id' dans la table 'comment' nécessite une mise à jour. Modification en cours...
2025-03-14 10:55:34 [INFO] Colonne 'id' modifiée dans la table 'comment'.
2025-03-14 10:55:34 [INFO] Colonne 'id_article' dans la table 'comment' nécessite une mise à jour. Modification en cours...
2025-03-14 10:55:34 [INFO] Colonne 'id_article' modifiée dans la table 'comment'.
2025-03-14 10:55:34 [INFO] Colonne 'id' dans la table 'user' nécessite une mise à jour. Modification en cours...
2025-03-14 10:55:34 [INFO] Colonne 'id' modifiée dans la table 'user'.
2025-03-14 10:55:35 [INFO] Colonne 'id' dans la table 'article' nécessite une mise à jour. Modification en cours...
2025-03-14 10:55:35 [INFO] Colonne 'id' modifiée dans la table 'article'.
2025-03-14 10:55:35 [INFO] Colonne 'id_user' dans la table 'article' nécessite une mise à jour. Modification en cours...
2025-03-14 10:55:35 [INFO] Colonne 'id_user' modifiée dans la table 'article'.
2025-03-14 10:55:35 [INFO] Colonne 'views_count' dans la table 'article' nécessite une mise à jour. Modification en cours...
2025-03-14 10:55:35 [INFO] Colonne 'views_count' modifiée dans la table 'article'.
2025-03-14 10:55:35 [INFO] Colonne 'id' dans la table 'comment' nécessite une mise à jour. Modification en cours...
2025-03-14 10:55:35 [INFO] Colonne 'id' modifiée dans la table 'comment'.
2025-03-14 10:55:35 [INFO] Colonne 'id_article' dans la table 'comment' nécessite une mise à jour. Modification en cours...
2025-03-14 10:55:35 [INFO] Colonne 'id_article' modifiée dans la table 'comment'.
2025-03-14 10:55:35 [INFO] Colonne 'id' dans la table 'user' nécessite une mise à jour. Modification en cours...
2025-03-14 10:55:35 [INFO] Colonne 'id' modifiée dans la table 'user'.
2025-03-14 10:55:36 [INFO] Colonne 'id' dans la table 'article' nécessite une mise à jour. Modification en cours...
2025-03-14 10:55:36 [INFO] Colonne 'id' modifiée dans la table 'article'.
2025-03-14 10:55:36 [INFO] Colonne 'id_user' dans la table 'article' nécessite une mise à jour. Modification en cours...
2025-03-14 10:55:36 [INFO] Colonne 'id_user' modifiée dans la table 'article'.
2025-03-14 10:55:36 [INFO] Colonne 'views_count' dans la table 'article' nécessite une mise à jour. Modification en cours...
2025-03-14 10:55:36 [INFO] Colonne 'views_count' modifiée dans la table 'article'.
2025-03-14 10:55:36 [INFO] Colonne 'id' dans la table 'comment' nécessite une mise à jour. Modification en cours...
2025-03-14 10:55:36 [INFO] Colonne 'id' modifiée dans la table 'comment'.
2025-03-14 10:55:36 [INFO] Colonne 'id_article' dans la table 'comment' nécessite une mise à jour. Modification en cours...
2025-03-14 10:55:36 [INFO] Colonne 'id_article' modifiée dans la table 'comment'.
2025-03-14 10:55:36 [INFO] Colonne 'id' dans la table 'user' nécessite une mise à jour. Modification en cours...
2025-03-14 10:55:36 [INFO] Colonne 'id' modifiée dans la table 'user'.
2025-03-14 10:55:38 [INFO] Colonne 'id' dans la table 'article' nécessite une mise à jour. Modification en cours...
2025-03-14 10:55:38 [INFO] Colonne 'id' modifiée dans la table 'article'.
2025-03-14 10:55:38 [INFO] Colonne 'id_user' dans la table 'article' nécessite une mise à jour. Modification en cours...
2025-03-14 10:55:38 [INFO] Colonne 'id_user' modifiée dans la table 'article'.
2025-03-14 10:55:38 [INFO] Colonne 'views_count' dans la table 'article' nécessite une mise à jour. Modification en cours...
2025-03-14 10:55:38 [INFO] Colonne 'views_count' modifiée dans la table 'article'.
2025-03-14 10:55:38 [INFO] Colonne 'id' dans la table 'comment' nécessite une mise à jour. Modification en cours...
2025-03-14 10:55:38 [INFO] Colonne 'id' modifiée dans la table 'comment'.
2025-03-14 10:55:38 [INFO] Colonne 'id_article' dans la table 'comment' nécessite une mise à jour. Modification en cours...
2025-03-14 10:55:38 [INFO] Colonne 'id_article' modifiée dans la table 'comment'.
2025-03-14 10:55:38 [INFO] Colonne 'id' dans la table 'user' nécessite une mise à jour. Modification en cours...
2025-03-14 10:55:38 [INFO] Colonne 'id' modifiée dans la table 'user'.
2025-03-14 10:58:07 [INFO] Colonne 'id' dans la table 'article' nécessite une mise à jour. Modification en cours...
2025-03-14 10:58:07 [INFO] Colonne 'id' modifiée dans la table 'article'.
2025-03-14 10:58:07 [INFO] Colonne 'id_user' dans la table 'article' nécessite une mise à jour. Modification en cours...
2025-03-14 10:58:07 [INFO] Colonne 'id_user' modifiée dans la table 'article'.
2025-03-14 10:58:07 [INFO] Colonne 'views_count' dans la table 'article' nécessite une mise à jour. Modification en cours...
2025-03-14 10:58:07 [INFO] Colonne 'views_count' modifiée dans la table 'article'.
2025-03-14 10:58:07 [INFO] Colonne 'id' dans la table 'comment' nécessite une mise à jour. Modification en cours...
2025-03-14 10:58:07 [INFO] Colonne 'id' modifiée dans la table 'comment'.
2025-03-14 10:58:07 [INFO] Colonne 'id_article' dans la table 'comment' nécessite une mise à jour. Modification en cours...
2025-03-14 10:58:07 [INFO] Colonne 'id_article' modifiée dans la table 'comment'.
2025-03-14 10:58:07 [INFO] Colonne 'id' dans la table 'user' nécessite une mise à jour. Modification en cours...
2025-03-14 10:58:07 [INFO] Colonne 'id' modifiée dans la table 'user'.
